2022-10-13 14:35:40.686 [main] ERROR o.s.b.diagnostics.LoggingFailureAnalysisReporter - 

***************************
APPLICATION FAILED TO START
***************************

Description:

Field authenticationManager in com.wang.blogsystem.service.impl.LoginServiceImpl required a bean of type 'org.springframework.security.authentication.AuthenticationManager' that could not be found.

The injection point has the following annotations:
	- @org.springframework.beans.factory.annotation.Autowired(required=true)


Action:

Consider defining a bean of type 'org.springframework.security.authentication.AuthenticationManager' in your configuration.

2022-10-13 14:39:01.637 [main] ERROR o.s.b.diagnostics.LoggingFailureAnalysisReporter - 

***************************
APPLICATION FAILED TO START
***************************

Description:

Field authenticationManager in com.wang.blogsystem.service.impl.LoginServiceImpl required a bean of type 'org.springframework.security.authentication.AuthenticationManager' that could not be found.

The injection point has the following annotations:
	- @org.springframework.beans.factory.annotation.Autowired(required=true)


Action:

Consider defining a bean of type 'org.springframework.security.authentication.AuthenticationManager' in your configuration.

2022-10-13 14:40:27.677 [main] ERROR o.s.b.diagnostics.LoggingFailureAnalysisReporter - 

***************************
APPLICATION FAILED TO START
***************************

Description:

Field authenticationManager in com.wang.blogsystem.service.impl.LoginServiceImpl required a bean of type 'org.springframework.security.authentication.AuthenticationManager' that could not be found.

The injection point has the following annotations:
	- @org.springframework.beans.factory.annotation.Autowired(required=true)


Action:

Consider defining a bean of type 'org.springframework.security.authentication.AuthenticationManager' in your configuration.

