2022-10-13 14:35:35.750 [main] INFO  com.wang.blog.WangChengBlogApplication - Starting WangChengBlogApplication using Java 1.8.0_271 on DESKTOP-57IJCA8 with PID 15684 (E:\work-place-wang\wangChengBlog\blog-web\target\classes started by wangcheng in E:\work-place-wang\wangChengBlog)
2022-10-13 14:35:35.754 [background-preinit] INFO  org.hibernate.validator.internal.util.Version - HV000001: Hibernate Validator 6.2.5.Final
2022-10-13 14:35:35.770 [main] INFO  com.wang.blog.WangChengBlogApplication - The following 1 profile is active: "dev"
2022-10-13 14:35:40.197 [main] INFO  org.apache.coyote.http11.Http11NioProtocol - Initializing ProtocolHandler ["http-nio-8080"]
2022-10-13 14:35:40.198 [main] INFO  org.apache.catalina.core.StandardService - Starting service [Tomcat]
2022-10-13 14:35:40.198 [main] INFO  org.apache.catalina.core.StandardEngine - Starting Servlet engine: [Apache Tomcat/9.0.65]
2022-10-13 14:35:40.417 [main] INFO  o.a.c.core.ContainerBase.[Tomcat].[localhost].[/] - Initializing Spring embedded WebApplicationContext
2022-10-13 14:35:40.541 [main] INFO  org.apache.catalina.core.StandardService - Stopping service [Tomcat]
2022-10-13 14:38:59.659 [background-preinit] INFO  org.hibernate.validator.internal.util.Version - HV000001: Hibernate Validator 6.2.5.Final
2022-10-13 14:38:59.660 [main] INFO  com.wang.blog.WangChengBlogApplication - Starting WangChengBlogApplication using Java 1.8.0_271 on DESKTOP-57IJCA8 with PID 16992 (E:\work-place-wang\wangChengBlog\blog-web\target\classes started by wangcheng in E:\work-place-wang\wangChengBlog)
2022-10-13 14:38:59.663 [main] INFO  com.wang.blog.WangChengBlogApplication - The following 1 profile is active: "dev"
2022-10-13 14:39:01.362 [main] INFO  org.apache.coyote.http11.Http11NioProtocol - Initializing ProtocolHandler ["http-nio-8080"]
2022-10-13 14:39:01.362 [main] INFO  org.apache.catalina.core.StandardService - Starting service [Tomcat]
2022-10-13 14:39:01.363 [main] INFO  org.apache.catalina.core.StandardEngine - Starting Servlet engine: [Apache Tomcat/9.0.65]
2022-10-13 14:39:01.504 [main] INFO  o.a.c.core.ContainerBase.[Tomcat].[localhost].[/] - Initializing Spring embedded WebApplicationContext
2022-10-13 14:39:01.596 [main] INFO  org.apache.catalina.core.StandardService - Stopping service [Tomcat]
2022-10-13 14:40:25.657 [main] INFO  com.wang.blog.WangChengBlogApplication - Starting WangChengBlogApplication using Java 1.8.0_271 on DESKTOP-57IJCA8 with PID 13860 (E:\work-place-wang\wangChengBlog\blog-web\target\classes started by wangcheng in E:\work-place-wang\wangChengBlog)
2022-10-13 14:40:25.656 [background-preinit] INFO  org.hibernate.validator.internal.util.Version - HV000001: Hibernate Validator 6.2.5.Final
2022-10-13 14:40:25.660 [main] INFO  com.wang.blog.WangChengBlogApplication - The following 1 profile is active: "dev"
2022-10-13 14:40:27.428 [main] INFO  org.apache.coyote.http11.Http11NioProtocol - Initializing ProtocolHandler ["http-nio-8080"]
2022-10-13 14:40:27.429 [main] INFO  org.apache.catalina.core.StandardService - Starting service [Tomcat]
2022-10-13 14:40:27.429 [main] INFO  org.apache.catalina.core.StandardEngine - Starting Servlet engine: [Apache Tomcat/9.0.65]
2022-10-13 14:40:27.561 [main] INFO  o.a.c.core.ContainerBase.[Tomcat].[localhost].[/] - Initializing Spring embedded WebApplicationContext
2022-10-13 14:40:27.637 [main] INFO  org.apache.catalina.core.StandardService - Stopping service [Tomcat]
